c:\users\fredrik\documents\github\stortspelprojekt\stortspelprojekt\x64\release\animatedmodelvertexshader.cso
c:\users\fredrik\documents\github\stortspelprojekt\stortspelprojekt\x64\release\deferredcolliderpixelshader.cso
c:\users\fredrik\documents\github\stortspelprojekt\stortspelprojekt\x64\release\deferredterrainpixelshader.cso
c:\users\fredrik\documents\github\stortspelprojekt\stortspelprojekt\x64\release\colliderpixelshader.cso
c:\users\fredrik\documents\github\stortspelprojekt\stortspelprojekt\x64\release\collidervertexshader.cso
c:\users\fredrik\documents\github\stortspelprojekt\stortspelprojekt\x64\release\deferredpixelshader.cso
c:\users\fredrik\documents\github\stortspelprojekt\stortspelprojekt\x64\release\deferredvertexshader.cso
c:\users\fredrik\documents\github\stortspelprojekt\stortspelprojekt\x64\release\forwardmodelpixelshader.cso
c:\users\fredrik\documents\github\stortspelprojekt\stortspelprojekt\x64\release\forwardparticlepixelshader.cso
c:\users\fredrik\documents\github\stortspelprojekt\stortspelprojekt\x64\release\deferredmodelpixelshader.cso
c:\users\fredrik\documents\github\stortspelprojekt\stortspelprojekt\x64\release\forwardterrainpixelshader.cso
c:\users\fredrik\documents\github\stortspelprojekt\stortspelprojekt\x64\release\idpixelshader.cso
c:\users\fredrik\documents\github\stortspelprojekt\stortspelprojekt\x64\release\idvertexshader.cso
c:\users\fredrik\documents\github\stortspelprojekt\stortspelprojekt\x64\release\loadingps.cso
c:\users\fredrik\documents\github\stortspelprojekt\stortspelprojekt\x64\release\modelvertexshader.cso
c:\users\fredrik\documents\github\stortspelprojekt\stortspelprojekt\x64\release\particlegeometryshader.cso
c:\users\fredrik\documents\github\stortspelprojekt\stortspelprojekt\x64\release\deferredparticlepixelshader.cso
c:\users\fredrik\documents\github\stortspelprojekt\stortspelprojekt\x64\release\particlevertexshader.cso
c:\users\fredrik\documents\github\stortspelprojekt\stortspelprojekt\x64\release\shadowvertexshader.cso
c:\users\fredrik\documents\github\stortspelprojekt\stortspelprojekt\x64\release\skeletonpixelshader.cso
c:\users\fredrik\documents\github\stortspelprojekt\stortspelprojekt\x64\release\skeletonvertexshader.cso
c:\users\fredrik\documents\github\stortspelprojekt\stortspelprojekt\x64\release\terraindomainshader.cso
c:\users\fredrik\documents\github\stortspelprojekt\stortspelprojekt\x64\release\terraingeometryshader.cso
c:\users\fredrik\documents\github\stortspelprojekt\stortspelprojekt\x64\release\terrainhullshader.cso
c:\users\fredrik\documents\github\stortspelprojekt\stortspelprojekt\x64\release\terrainvertexshader.cso
c:\users\fredrik\documents\github\stortspelprojekt\stortspelprojekt\x64\release\unlitanimatedmodelvertexshader.cso
c:\users\fredrik\documents\github\stortspelprojekt\stortspelprojekt\x64\release\unlitforwardmodelpixelshader.cso
c:\users\fredrik\documents\github\stortspelprojekt\stortspelprojekt\x64\release\unlitmodelvertexshader.cso
c:\users\fredrik\documents\github\stortspelprojekt\stortspelprojekt\x64\release\loadingvs.cso
c:\users\fredrik\documents\github\stortspelprojekt\stortspelprojekt\x64\release\volumeidvertexshader.cso
c:\users\fredrik\documents\github\stortspelprojekt\stortspelprojekt\x64\release\volumepixelshader.cso
c:\users\fredrik\documents\github\stortspelprojekt\stortspelprojekt\x64\release\volumevertexshader.cso
c:\users\fredrik\documents\github\stortspelprojekt\stortspelprojekt\x64\release\waterdomainshader.cso
c:\users\fredrik\documents\github\stortspelprojekt\stortspelprojekt\project\x64\release\project.tlog\fxc.command.1.tlog
c:\users\fredrik\documents\github\stortspelprojekt\stortspelprojekt\project\x64\release\project.tlog\fxc.read.1.tlog
c:\users\fredrik\documents\github\stortspelprojekt\stortspelprojekt\project\x64\release\project.tlog\fxc.write.1.tlog
