  compilation object save succeeded; see H:\Plugg\StortSpelprojekt\StortSpelprojekt\x64\Release\UnlitAnimatedModelVertexShader.cso
  compilation object save succeeded; see H:\Plugg\StortSpelprojekt\StortSpelprojekt\x64\Release\UnlitForwardModelPixelShader.cso
  compilation object save succeeded; see H:\Plugg\StortSpelprojekt\StortSpelprojekt\x64\Release\UnlitModelVertexShader.cso
  compilation object save succeeded; see H:\Plugg\StortSpelprojekt\StortSpelprojekt\x64\Release\UVAnimationPixelShader.cso
  compilation object save succeeded; see H:\Plugg\StortSpelprojekt\StortSpelprojekt\x64\Release\UVAnimationVertexShader.cso
  Camera.cpp
  Game.cpp
H:\Plugg\StortSpelprojekt\StortSpelprojekt\Project\Animation.h(28,29): warning C4244: '=': conversion from 'double' to 'float', possible loss of data
H:\Plugg\StortSpelprojekt\StortSpelprojekt\Project\Animation.h(29,23): warning C4244: '=': conversion from 'double' to 'float', possible loss of data
H:\Plugg\StortSpelprojekt\StortSpelprojekt\Project\Animator.h(68,1): warning C4267: 'argument': conversion from 'size_t' to 'const UINT', possible loss of data
  Graphics.cpp
  LevelEditor.cpp
H:\Plugg\StortSpelprojekt\StortSpelprojekt\Project\Animation.h(28,29): warning C4244: '=': conversion from 'double' to 'float', possible loss of data
H:\Plugg\StortSpelprojekt\StortSpelprojekt\Project\Animation.h(29,23): warning C4244: '=': conversion from 'double' to 'float', possible loss of data
H:\Plugg\StortSpelprojekt\StortSpelprojekt\Project\Animator.h(68,1): warning C4267: 'argument': conversion from 'size_t' to 'const UINT', possible loss of data
H:\Plugg\StortSpelprojekt\StortSpelprojekt\Project\TerrainRenderer.h(86,34): error C2065: 'LOD_ds_path': undeclared identifier
H:\Plugg\StortSpelprojekt\StortSpelprojekt\Project\TerrainRenderer.h(89,36): error C2065: 'LOD_gs_path': undeclared identifier
  Main.cpp
H:\Plugg\StortSpelprojekt\StortSpelprojekt\Project\Animation.h(28,29): warning C4244: '=': conversion from 'double' to 'float', possible loss of data
H:\Plugg\StortSpelprojekt\StortSpelprojekt\Project\Animation.h(29,23): warning C4244: '=': conversion from 'double' to 'float', possible loss of data
H:\Plugg\StortSpelprojekt\StortSpelprojekt\Project\Animator.h(68,1): warning C4267: 'argument': conversion from 'size_t' to 'const UINT', possible loss of data
H:\Plugg\StortSpelprojekt\StortSpelprojekt\Project\TerrainRenderer.h(86,34): error C2065: 'LOD_ds_path': undeclared identifier
H:\Plugg\StortSpelprojekt\StortSpelprojekt\Project\TerrainRenderer.h(89,36): error C2065: 'LOD_gs_path': undeclared identifier
  OldModel.cpp
  ParticleEditor.cpp
H:\Plugg\StortSpelprojekt\StortSpelprojekt\Project\Animation.h(28,29): warning C4244: '=': conversion from 'double' to 'float', possible loss of data
H:\Plugg\StortSpelprojekt\StortSpelprojekt\Project\Animation.h(29,23): warning C4244: '=': conversion from 'double' to 'float', possible loss of data
H:\Plugg\StortSpelprojekt\StortSpelprojekt\Project\Animator.h(68,1): warning C4267: 'argument': conversion from 'size_t' to 'const UINT', possible loss of data
  ParticleSystem.cpp
  Scene.cpp
H:\Plugg\StortSpelprojekt\StortSpelprojekt\Project\Animation.h(28,29): warning C4244: '=': conversion from 'double' to 'float', possible loss of data
H:\Plugg\StortSpelprojekt\StortSpelprojekt\Project\Animation.h(29,23): warning C4244: '=': conversion from 'double' to 'float', possible loss of data
H:\Plugg\StortSpelprojekt\StortSpelprojekt\Project\Animator.h(68,1): warning C4267: 'argument': conversion from 'size_t' to 'const UINT', possible loss of data
  Terrain.cpp
  Texture.cpp
  Window.cpp
