d:\github\stortspelprojekt\stortspelprojekt\project\x64\debug\vc142.pdb
d:\github\stortspelprojekt\stortspelprojekt\project\x64\debug\vc142.idb
d:\github\stortspelprojekt\stortspelprojekt\project\x64\debug\window.obj
d:\github\stortspelprojekt\stortspelprojekt\project\x64\debug\texture.obj
d:\github\stortspelprojekt\stortspelprojekt\project\x64\debug\scene.obj
d:\github\stortspelprojekt\stortspelprojekt\project\x64\debug\particlesystem.obj
d:\github\stortspelprojekt\stortspelprojekt\project\x64\debug\model.obj
d:\github\stortspelprojekt\stortspelprojekt\project\x64\debug\main.obj
d:\github\stortspelprojekt\stortspelprojekt\project\x64\debug\graphics.obj
d:\github\stortspelprojekt\stortspelprojekt\project\x64\debug\camera.obj
d:\github\stortspelprojekt\stortspelprojekt\project\x64\debug\terrain.obj
d:\github\stortspelprojekt\stortspelprojekt\project\x64\debug\particleeditor.obj
d:\github\stortspelprojekt\stortspelprojekt\project\x64\debug\oldmodel.obj
d:\github\stortspelprojekt\stortspelprojekt\project\x64\debug\leveleditor.obj
d:\github\stortspelprojekt\stortspelprojekt\project\x64\debug\game.obj
d:\github\stortspelprojekt\stortspelprojekt\project\x64\debug\ui.obj
d:\github\stortspelprojekt\stortspelprojekt\project\x64\debug\button.obj
d:\github\stortspelprojekt\stortspelprojekt\x64\debug\deferredvertexshader.cso
d:\github\stortspelprojekt\stortspelprojekt\x64\debug\displacementdomainshader.cso
d:\github\stortspelprojekt\stortspelprojekt\x64\debug\displacementgeometryshader.cso
d:\github\stortspelprojekt\stortspelprojekt\x64\debug\displacementhullshader.cso
d:\github\stortspelprojekt\stortspelprojekt\x64\debug\displacementpixelshader.cso
d:\github\stortspelprojekt\stortspelprojekt\x64\debug\displacementvertexshader.cso
d:\github\stortspelprojekt\stortspelprojekt\x64\debug\modelvertexshader.cso
d:\github\stortspelprojekt\stortspelprojekt\x64\debug\particlegeometryshader.cso
d:\github\stortspelprojekt\stortspelprojekt\x64\debug\particlevertexshader.cso
d:\github\stortspelprojekt\stortspelprojekt\x64\debug\shadowdomainshader.cso
d:\github\stortspelprojekt\stortspelprojekt\x64\debug\shadowhullshader.cso
d:\github\stortspelprojekt\stortspelprojekt\x64\debug\shadowvertexshader.cso
d:\github\stortspelprojekt\stortspelprojekt\x64\debug\uvanimationpixelshader.cso
d:\github\stortspelprojekt\stortspelprojekt\x64\debug\uvanimationvertexshader.cso
d:\github\stortspelprojekt\stortspelprojekt\x64\debug\forwardmodelpixelshader.cso
d:\github\stortspelprojekt\stortspelprojekt\x64\debug\forwardparticlepixelshader.cso
d:\github\stortspelprojekt\stortspelprojekt\x64\debug\deferredmodelpixelshader.cso
d:\github\stortspelprojekt\stortspelprojekt\x64\debug\forwardterrainpixelshader.cso
d:\github\stortspelprojekt\stortspelprojekt\x64\debug\deferredparticlepixelshader.cso
d:\github\stortspelprojekt\stortspelprojekt\x64\debug\terrainhullshader.cso
d:\github\stortspelprojekt\stortspelprojekt\x64\debug\terrainvertexshader.cso
d:\github\stortspelprojekt\stortspelprojekt\x64\debug\unlitforwardmodelpixelshader.cso
d:\github\stortspelprojekt\stortspelprojekt\x64\debug\unlitmodelvertexshader.cso
d:\github\stortspelprojekt\stortspelprojekt\x64\debug\terraingeometryshader.cso
d:\github\stortspelprojekt\stortspelprojekt\x64\debug\deferredterrainpixelshader.cso
d:\github\stortspelprojekt\stortspelprojekt\x64\debug\colliderpixelshader.cso
d:\github\stortspelprojekt\stortspelprojekt\x64\debug\collidervertexshader.cso
d:\github\stortspelprojekt\stortspelprojekt\x64\debug\deferredpixelshader.cso
d:\github\stortspelprojekt\stortspelprojekt\x64\debug\animatedmodelvertexshader.cso
d:\github\stortspelprojekt\stortspelprojekt\x64\debug\unlitanimatedmodelvertexshader.cso
d:\github\stortspelprojekt\stortspelprojekt\x64\debug\terraindomainshader.cso
d:\github\stortspelprojekt\stortspelprojekt\x64\debug\project.exe
d:\github\stortspelprojekt\stortspelprojekt\project\x64\debug\project.ilk
d:\github\stortspelprojekt\stortspelprojekt\x64\debug\project.pdb
d:\github\stortspelprojekt\stortspelprojekt\project\x64\debug\game.obj.enc
d:\github\stortspelprojekt\stortspelprojekt\project\x64\debug\ui.obj.enc
d:\github\stortspelprojekt\stortspelprojekt\x64\debug\project.ilk
d:\github\stortspelprojekt\stortspelprojekt\project\x64\debug\project.tlog\cl.command.1.tlog
d:\github\stortspelprojekt\stortspelprojekt\project\x64\debug\project.tlog\cl.read.1.tlog
d:\github\stortspelprojekt\stortspelprojekt\project\x64\debug\project.tlog\cl.write.1.tlog
d:\github\stortspelprojekt\stortspelprojekt\project\x64\debug\project.tlog\fxc.command.1.tlog
d:\github\stortspelprojekt\stortspelprojekt\project\x64\debug\project.tlog\fxc.read.1.tlog
d:\github\stortspelprojekt\stortspelprojekt\project\x64\debug\project.tlog\fxc.write.1.tlog
d:\github\stortspelprojekt\stortspelprojekt\project\x64\debug\project.tlog\link.command.1.tlog
d:\github\stortspelprojekt\stortspelprojekt\project\x64\debug\project.tlog\link.read.1.tlog
d:\github\stortspelprojekt\stortspelprojekt\project\x64\debug\project.tlog\link.write.1.tlog
